<testsuite tests="49">
  <testcase classname="AzureEventIntegration_TEST" name="constructorCoverage" time="123" />
  <testcase classname="AzureEventIntegration_TEST" name="getAccount" time="1289" />
  <testcase classname="AzureEventIntegration_TEST" name="sendEvents" time="27" />
  <testcase classname="ButtonHandler_TEST" name="addPayment" time="4267" />
  <testcase classname="ButtonHandler_TEST" name="autocompleteInvoiceLineItem" time="2388" />
  <testcase classname="ButtonHandler_TEST" name="checkLineItemEnrollmentExists" time="2690" />
  <testcase classname="ButtonHandler_TEST" name="confirmAndCancelInvoice" time="2469" />
  <testcase classname="ButtonHandler_TEST" name="confirmAndCancelInvoiceEmpty" time="734" />
  <testcase classname="ButtonHandler_TEST" name="confirmLineItem" time="819" />
  <testcase classname="ButtonHandler_TEST" name="emitEnrollmentComplete" time="2070" />
  <testcase classname="ButtonHandler_TEST" name="escalateInvoice" time="760" />
  <testcase classname="ButtonHandler_TEST" name="generateCanvasAccount" time="157" />
  <testcase classname="ButtonHandler_TEST" name="generateContact" time="381" />
  <testcase classname="ButtonHandler_TEST" name="generateInvoice" time="509" />
  <testcase classname="ButtonHandler_TEST" name="generateLineItem" time="640" />
  <testcase classname="ButtonHandler_TEST" name="generateOffering" time="359" />
  <testcase classname="ButtonHandler_TEST" name="insertEnrollment" time="987" />
  <testcase classname="ButtonHandler_TEST" name="requestInvoice" time="713" />
  <testcase classname="ButtonHandler_TEST" name="sendConfirmation" time="928" />
  <testcase classname="ButtonHandler_TEST" name="sendEscalationEmail" time="574" />
  <testcase classname="ButtonHandler_TEST" name="sendNotification" time="690" />
  <testcase classname="ButtonHandler_TEST" name="testTxList" time="31" />
  <testcase classname="ButtonHandler_TEST" name="trackLineItem" time="2457" />
  <testcase classname="ButtonHandler_TEST" name="voidLineItem" time="854" />
  <testcase classname="CombinedFunctions_TEST" name="createEventsForSection" time="3902" />
  <testcase classname="CombinedFunctions_TEST" name="createRegistrationBatch" time="1760" />
  <testcase classname="CombinedFunctions_TEST" name="getContactsByEmails" time="31" />
  <testcase classname="CombinedFunctions_TEST" name="getNextActiveOffering" time="497" />
  <testcase classname="CombinedFunctions_TEST" name="handleEnrollments" time="2318" />
  <testcase classname="CombinedFunctions_TEST" name="midpointTriggers" time="2965" />
  <testcase classname="CombinedFunctions_TEST" name="overloadEvent" time="4346" />
  <testcase classname="CombinedFunctions_TEST" name="refreshData" time="313" />
  <testcase classname="CombinedFunctions_TEST" name="simpleEmail" time="362" />
  <testcase classname="InvocableCanvas_TEST" name="importCanvasEnrollment" time="245" />
  <testcase classname="JsonTest_TEST" name="decode" time="30" />
  <testcase classname="JsonTest_TEST" name="encode" time="13" />
  <testcase classname="MiddlewareIntegration_TEST" name="checkEnrollmentStatus" time="159" />
  <testcase classname="MiddlewareIntegration_TEST" name="sendPostRequest" time="22" />
  <testcase classname="MiddlewareIntegration_TEST" name="testCpsSearches" time="26" />
  <testcase classname="MiddlewareIntegration_TEST" name="testInvocables" time="23" />
  <testcase classname="PEEvent_TEST" name="cancelRegistration" time="137" />
  <testcase classname="PEEvent_TEST" name="enrollStudent" time="25" />
  <testcase classname="PEEvent_TEST" name="lmsEnrollmentComplete" time="23" />
  <testcase classname="PEEvent_TEST" name="lmsEnrollmentRequest" time="24" />
  <testcase classname="PEEvent_TEST" name="registrationBatchTest" time="2050" />
  <testcase classname="PEEvent_TEST" name="sendHumanRequired" time="25" />
  <testcase classname="PEEvent_TEST" name="unenrollStudent" time="21" />
  <testcase classname="PEHandleEnrollments_TEST" name="handleStudentEnrollment" time="5687" />
  <testcase classname="PEHelpers_TEST" name="recordTypeTest" time="167" />
</testsuite>