<testsuite tests="47">
  <testcase classname="AzureEventIntegration_TEST" name="constructorCoverage" time="138" />
  <testcase classname="AzureEventIntegration_TEST" name="getAccount" time="1622" />
  <testcase classname="AzureEventIntegration_TEST" name="sendEvents" time="34" />
  <testcase classname="ButtonHandler_TEST" name="addPayment" time="5703" />
  <testcase classname="ButtonHandler_TEST" name="autocompleteInvoiceLineItem" time="2410" />
  <testcase classname="ButtonHandler_TEST" name="checkLineItemEnrollmentExists" time="3013" />
  <testcase classname="ButtonHandler_TEST" name="confirmAndCancelInvoice" time="2756" />
  <testcase classname="ButtonHandler_TEST" name="confirmAndCancelInvoiceEmpty" time="797" />
  <testcase classname="ButtonHandler_TEST" name="confirmLineItem" time="868" />
  <testcase classname="ButtonHandler_TEST" name="emitEnrollmentComplete" time="2529" />
  <testcase classname="ButtonHandler_TEST" name="escalateInvoice" time="750" />
  <testcase classname="ButtonHandler_TEST" name="generateCanvasAccount" time="153" />
  <testcase classname="ButtonHandler_TEST" name="generateContact" time="375" />
  <testcase classname="ButtonHandler_TEST" name="generateInvoice" time="590" />
  <testcase classname="ButtonHandler_TEST" name="generateLineItem" time="796" />
  <testcase classname="ButtonHandler_TEST" name="generateOffering" time="372" />
  <testcase classname="ButtonHandler_TEST" name="insertEnrollment" time="998" />
  <testcase classname="ButtonHandler_TEST" name="requestInvoice" time="920" />
  <testcase classname="ButtonHandler_TEST" name="sendEscalationEmail" time="665" />
  <testcase classname="ButtonHandler_TEST" name="testTxList" time="26" />
  <testcase classname="ButtonHandler_TEST" name="trackLineItem" time="2681" />
  <testcase classname="ButtonHandler_TEST" name="voidLineItem" time="938" />
  <testcase classname="CombinedFunctions_TEST" name="createEventsForSection" time="6599" />
  <testcase classname="CombinedFunctions_TEST" name="createRegistrationBatch" time="1898" />
  <testcase classname="CombinedFunctions_TEST" name="getContactsByEmails" time="26" />
  <testcase classname="CombinedFunctions_TEST" name="getNextActiveOffering" time="472" />
  <testcase classname="CombinedFunctions_TEST" name="handleEnrollments" time="2676" />
  <testcase classname="CombinedFunctions_TEST" name="midpointTriggers" time="2588" />
  <testcase classname="CombinedFunctions_TEST" name="overloadEvent" time="4299" />
  <testcase classname="CombinedFunctions_TEST" name="refreshData" time="451" />
  <testcase classname="CombinedFunctions_TEST" name="simpleEmail" time="204" />
  <testcase classname="InvocableCanvas_TEST" name="importCanvasEnrollment" time="307" />
  <testcase classname="JsonTest_TEST" name="decode" time="36" />
  <testcase classname="JsonTest_TEST" name="encode" time="12" />
  <testcase classname="MiddlewareIntegration_TEST" name="checkEnrollmentStatus" time="155" />
  <testcase classname="MiddlewareIntegration_TEST" name="sendPostRequest" time="19" />
  <testcase classname="MiddlewareIntegration_TEST" name="testCpsSearches" time="20" />
  <testcase classname="MiddlewareIntegration_TEST" name="testInvocables" time="21" />
  <testcase classname="PEEvent_TEST" name="cancelRegistration" time="61" />
  <testcase classname="PEEvent_TEST" name="enrollStudent" time="198" />
  <testcase classname="PEEvent_TEST" name="lmsEnrollmentComplete" time="26" />
  <testcase classname="PEEvent_TEST" name="lmsEnrollmentRequest" time="27" />
  <testcase classname="PEEvent_TEST" name="registrationBatchTest" time="2286" />
  <testcase classname="PEEvent_TEST" name="sendHumanRequired" time="27" />
  <testcase classname="PEEvent_TEST" name="unenrollStudent" time="26" />
  <testcase classname="PEHandleEnrollments_TEST" name="handleStudentEnrollment" time="2695" />
  <testcase classname="PEHelpers_TEST" name="recordTypeTest" time="234" />
</testsuite>