<testsuite tests="20">
  <testcase classname="ButtonHandler_TEST" name="addPayment" time="8068">
    <failure type="failed" message="System.DmlException: Insert failed. First exception on row 0; first error: CANNOT_INSERT_UPDATE_ACTIVATE_ENTITY, csuoee.CSUOEE_HandleInvoiceNotification: execution of AfterInsert

caused by: System.QueryException: List has no rows for assignment to SObject

Trigger.csuoee.CSUOEE_HandleInvoiceNotification: line 2, column 1: []"><![CDATA[Class.csuoee.ButtonHandler_TEST.generateInvoice: line 218, column 1
Class.csuoee.ButtonHandler_TEST.addPayment: line 136, column 1]]></failure>
  </testcase>
  <testcase classname="ButtonHandler_TEST" name="autocompleteInvoiceLineItem" time="663">
    <failure type="failed" message="System.DmlException: Insert failed. First exception on row 0; first error: CANNOT_INSERT_UPDATE_ACTIVATE_ENTITY, csuoee.CSUOEE_HandleInvoiceNotification: execution of AfterInsert

caused by: System.QueryException: List has no rows for assignment to SObject

Trigger.csuoee.CSUOEE_HandleInvoiceNotification: line 2, column 1: []"><![CDATA[Class.csuoee.ButtonHandler_TEST.generateInvoice: line 218, column 1
Class.csuoee.ButtonHandler_TEST.autocompleteInvoiceLineItem: line 188, column 1]]></failure>
  </testcase>
  <testcase classname="ButtonHandler_TEST" name="checkLineItemEnrollmentExists" time="3371">
    <failure type="failed" message="System.DmlException: Insert failed. First exception on row 0; first error: CANNOT_INSERT_UPDATE_ACTIVATE_ENTITY, csuoee.CSUOEE_HandleInvoiceNotification: execution of AfterInsert

caused by: System.QueryException: List has no rows for assignment to SObject

Trigger.csuoee.CSUOEE_HandleInvoiceNotification: line 2, column 1: []"><![CDATA[Class.csuoee.ButtonHandler_TEST.generateInvoice: line 218, column 1
Class.csuoee.ButtonHandler_TEST.generateLineItem: line 130, column 1
Class.csuoee.ButtonHandler_TEST.checkLineItemEnrollmentExists: line 291, column 1]]></failure>
  </testcase>
  <testcase classname="ButtonHandler_TEST" name="confirmAndCancelInvoice" time="543">
    <failure type="failed" message="System.DmlException: Insert failed. First exception on row 0; first error: CANNOT_INSERT_UPDATE_ACTIVATE_ENTITY, csuoee.CSUOEE_HandleInvoiceNotification: execution of AfterInsert

caused by: System.QueryException: List has no rows for assignment to SObject

Trigger.csuoee.CSUOEE_HandleInvoiceNotification: line 2, column 1: []"><![CDATA[Class.csuoee.ButtonHandler_TEST.generateInvoice: line 218, column 1
Class.csuoee.ButtonHandler_TEST.confirmAndCancelInvoice: line 24, column 1]]></failure>
  </testcase>
  <testcase classname="ButtonHandler_TEST" name="confirmAndCancelInvoiceEmpty" time="1186" />
  <testcase classname="ButtonHandler_TEST" name="confirmLineItem" time="812">
    <failure type="failed" message="System.DmlException: Insert failed. First exception on row 0; first error: CANNOT_INSERT_UPDATE_ACTIVATE_ENTITY, csuoee.CSUOEE_HandleInvoiceNotification: execution of AfterInsert

caused by: System.QueryException: List has no rows for assignment to SObject

Trigger.csuoee.CSUOEE_HandleInvoiceNotification: line 2, column 1: []"><![CDATA[Class.csuoee.ButtonHandler_TEST.generateInvoice: line 218, column 1
Class.csuoee.ButtonHandler_TEST.generateLineItem: line 130, column 1
Class.csuoee.ButtonHandler_TEST.confirmLineItem: line 75, column 1]]></failure>
  </testcase>
  <testcase classname="ButtonHandler_TEST" name="emitEnrollmentComplete" time="1989">
    <failure type="failed" message="System.DmlException: Insert failed. First exception on row 0; first error: CANNOT_INSERT_UPDATE_ACTIVATE_ENTITY, csuoee.CSUOEE_HandleInvoiceNotification: execution of AfterInsert

caused by: System.QueryException: List has no rows for assignment to SObject

Trigger.csuoee.CSUOEE_HandleInvoiceNotification: line 2, column 1: []"><![CDATA[Class.csuoee.ButtonHandler_TEST.generateInvoice: line 218, column 1
Class.csuoee.ButtonHandler_TEST.generateLineItem: line 130, column 1
Class.csuoee.ButtonHandler_TEST.emitEnrollmentComplete: line 247, column 1]]></failure>
  </testcase>
  <testcase classname="ButtonHandler_TEST" name="escalateInvoice" time="680">
    <failure type="failed" message="System.DmlException: Insert failed. First exception on row 0; first error: CANNOT_INSERT_UPDATE_ACTIVATE_ENTITY, csuoee.CSUOEE_HandleInvoiceNotification: execution of AfterInsert

caused by: System.QueryException: List has no rows for assignment to SObject

Trigger.csuoee.CSUOEE_HandleInvoiceNotification: line 2, column 1: []"><![CDATA[Class.csuoee.ButtonHandler_TEST.generateInvoice: line 218, column 1
Class.csuoee.ButtonHandler_TEST.escalateInvoice: line 324, column 1]]></failure>
  </testcase>
  <testcase classname="ButtonHandler_TEST" name="generateCanvasAccount" time="189" />
  <testcase classname="ButtonHandler_TEST" name="generateContact" time="484" />
  <testcase classname="ButtonHandler_TEST" name="generateInvoice" time="739">
    <failure type="failed" message="System.DmlException: Insert failed. First exception on row 0; first error: CANNOT_INSERT_UPDATE_ACTIVATE_ENTITY, csuoee.CSUOEE_HandleInvoiceNotification: execution of AfterInsert

caused by: System.QueryException: List has no rows for assignment to SObject

Trigger.csuoee.CSUOEE_HandleInvoiceNotification: line 2, column 1: []"><![CDATA[Class.csuoee.ButtonHandler_TEST.generateInvoice: line 218, column 1]]></failure>
  </testcase>
  <testcase classname="ButtonHandler_TEST" name="generateJourneySettings" time="44" />
  <testcase classname="ButtonHandler_TEST" name="generateLineItem" time="702">
    <failure type="failed" message="System.DmlException: Insert failed. First exception on row 0; first error: CANNOT_INSERT_UPDATE_ACTIVATE_ENTITY, csuoee.CSUOEE_HandleInvoiceNotification: execution of AfterInsert

caused by: System.QueryException: List has no rows for assignment to SObject

Trigger.csuoee.CSUOEE_HandleInvoiceNotification: line 2, column 1: []"><![CDATA[Class.csuoee.ButtonHandler_TEST.generateInvoice: line 218, column 1
Class.csuoee.ButtonHandler_TEST.generateLineItem: line 130, column 1]]></failure>
  </testcase>
  <testcase classname="ButtonHandler_TEST" name="generateOffering" time="461" />
  <testcase classname="ButtonHandler_TEST" name="insertEnrollment" time="1446" />
  <testcase classname="ButtonHandler_TEST" name="requestInvoice" time="901">
    <failure type="failed" message="System.DmlException: Insert failed. First exception on row 0; first error: CANNOT_INSERT_UPDATE_ACTIVATE_ENTITY, csuoee.CSUOEE_HandleInvoiceNotification: execution of AfterInsert

caused by: System.QueryException: List has no rows for assignment to SObject

Trigger.csuoee.CSUOEE_HandleInvoiceNotification: line 2, column 1: []"><![CDATA[Class.csuoee.ButtonHandler_TEST.generateInvoice: line 218, column 1
Class.csuoee.ButtonHandler_TEST.requestInvoice: line 177, column 1]]></failure>
  </testcase>
  <testcase classname="ButtonHandler_TEST" name="sendEscalationEmail" time="656">
    <failure type="failed" message="System.DmlException: Insert failed. First exception on row 0; first error: CANNOT_INSERT_UPDATE_ACTIVATE_ENTITY, csuoee.CSUOEE_HandleInvoiceNotification: execution of AfterInsert

caused by: System.QueryException: List has no rows for assignment to SObject

Trigger.csuoee.CSUOEE_HandleInvoiceNotification: line 2, column 1: []"><![CDATA[Class.csuoee.ButtonHandler_TEST.generateInvoice: line 218, column 1
Class.csuoee.ButtonHandler_TEST.sendEscalationEmail: line 157, column 1]]></failure>
  </testcase>
  <testcase classname="ButtonHandler_TEST" name="testTxList" time="129" />
  <testcase classname="ButtonHandler_TEST" name="trackLineItem" time="613">
    <failure type="failed" message="System.DmlException: Insert failed. First exception on row 0; first error: CANNOT_INSERT_UPDATE_ACTIVATE_ENTITY, csuoee.CSUOEE_HandleInvoiceNotification: execution of AfterInsert

caused by: System.QueryException: List has no rows for assignment to SObject

Trigger.csuoee.CSUOEE_HandleInvoiceNotification: line 2, column 1: []"><![CDATA[Class.csuoee.ButtonHandler_TEST.generateInvoice: line 218, column 1
Class.csuoee.ButtonHandler_TEST.generateLineItem: line 130, column 1
Class.csuoee.ButtonHandler_TEST.trackLineItem: line 97, column 1]]></failure>
  </testcase>
  <testcase classname="ButtonHandler_TEST" name="voidLineItem" time="589">
    <failure type="failed" message="System.DmlException: Insert failed. First exception on row 0; first error: CANNOT_INSERT_UPDATE_ACTIVATE_ENTITY, csuoee.CSUOEE_HandleInvoiceNotification: execution of AfterInsert

caused by: System.QueryException: List has no rows for assignment to SObject

Trigger.csuoee.CSUOEE_HandleInvoiceNotification: line 2, column 1: []"><![CDATA[Class.csuoee.ButtonHandler_TEST.generateInvoice: line 218, column 1
Class.csuoee.ButtonHandler_TEST.generateLineItem: line 130, column 1
Class.csuoee.ButtonHandler_TEST.voidLineItem: line 86, column 1]]></failure>
  </testcase>
</testsuite>